0 info it worked if it ends with ok
1 verbose cli [ '/usr/bin/node', '/usr/bin/npm', 'start' ]
2 info using npm@3.5.2
3 info using node@v8.10.0
4 verbose run-script [ 'prestart', 'start', 'poststart' ]
5 info lifecycle teledermatology-backend@1.0.0~prestart: teledermatology-backend@1.0.0
6 silly lifecycle teledermatology-backend@1.0.0~prestart: no script for prestart, continuing
7 info lifecycle teledermatology-backend@1.0.0~start: teledermatology-backend@1.0.0
8 verbose lifecycle teledermatology-backend@1.0.0~start: unsafe-perm in lifecycle true
9 verbose lifecycle teledermatology-backend@1.0.0~start: PATH: /usr/share/npm/bin/node-gyp-bin:/mnt/d/Projects/Teledermatology/Backend/node_modules/.bin:/usr/local/sbin:/usr/local/bin:/usr/sbin:/usr/bin:/sbin:/bin:/usr/games:/usr/local/games:/mnt/c/Program Files (x86)/Common Files/Oracle/Java/javapath:/mnt/c/Program Files/NVIDIA GPU Computing Toolkit/CUDA/v10.1/bin:/mnt/c/Program Files/NVIDIA GPU Computing Toolkit/CUDA/v10.1/libnvvp:/mnt/c/windows/system32:/mnt/c/windows:/mnt/c/windows/System32/Wbem:/mnt/c/windows/System32/WindowsPowerShell/v1.0/:/mnt/c/windows/System32/OpenSSH/:/mnt/c/WINDOWS/system32:/mnt/c/WINDOWS:/mnt/c/WINDOWS/System32/Wbem:/mnt/c/WINDOWS/System32/WindowsPowerShell/v1.0/:/mnt/c/WINDOWS/System32/OpenSSH/:/mnt/c/Program Files/nodejs/:/mnt/c/Program Files/Git/cmd:/mnt/c/Users/Vinayak/AppData/Local/Programs/Python/Python37:/mnt/c/Users/Vinayak/AppData/Local/Programs/Python/Python37/Scripts:/mnt/c/Users/Vinayak/AppData/Local/Android/Sdk/platform-tools:/mnt/c/Program Files/MySQL/MySQL Server 8.0/bin:/mnt/c/Users/Vinayak/AppData/Roaming/npm:/mnt/c/Program Files/dotnet/:/mnt/c/Program Files/Microsoft SQL Server/130/Tools/Binn/:/mnt/c/Program Files/Microsoft SQL Server/Client SDK/ODBC/170/Tools/Binn/:/mnt/c/Program Files/MongoDB/Server/4.2/bin:/mnt/c/Program Files/NVIDIA GPU Computing Toolkit/CUDA/v10.1/lib/x64:/mnt/c/Program Files/NVIDIA Corporation/Nsight Compute 2019.3.0/:/mnt/c/Program Files (x86)/NVIDIA Corporation/PhysX/Common:/mnt/c/Program Files/kubectl:/mnt/c/Program Files/helm/windows-amd64:/mnt/c/Program Files/Java/jdk1.8.0_231/bin:/mnt/c/Program Files/MySQL/MySQL Shell 8.0/bin/:/mnt/c/Users/Vinayak/AppData/Local/Programs/Microsoft VS Code/bin:/mnt/c/Users/Vinayak/AppData/Local/hyper/app-3.0.2/resources/bin:/mnt/c/Program Files/heroku/bin:/mnt/c/Users/Vinayak/AppData/Local/Microsoft/WindowsApps:/mnt/c/Program Files/IBM/Cloud/bin:/mnt/c/Program Files/Docker Toolbox:/snap/bin
10 verbose lifecycle teledermatology-backend@1.0.0~start: CWD: /mnt/d/Projects/Teledermatology/Backend
11 silly lifecycle teledermatology-backend@1.0.0~start: Args: [ '-c', 'node ./dist/server.js' ]
12 silly lifecycle teledermatology-backend@1.0.0~start: Returned: code: 1  signal: null
13 info lifecycle teledermatology-backend@1.0.0~start: Failed to exec start script
14 verbose stack Error: teledermatology-backend@1.0.0 start: `node ./dist/server.js`
14 verbose stack Exit status 1
14 verbose stack     at EventEmitter.<anonymous> (/usr/share/npm/lib/utils/lifecycle.js:232:16)
14 verbose stack     at emitTwo (events.js:126:13)
14 verbose stack     at EventEmitter.emit (events.js:214:7)
14 verbose stack     at ChildProcess.<anonymous> (/usr/share/npm/lib/utils/spawn.js:24:14)
14 verbose stack     at emitTwo (events.js:126:13)
14 verbose stack     at ChildProcess.emit (events.js:214:7)
14 verbose stack     at maybeClose (internal/child_process.js:925:16)
14 verbose stack     at Process.ChildProcess._handle.onexit (internal/child_process.js:209:5)
15 verbose pkgid teledermatology-backend@1.0.0
16 verbose cwd /mnt/d/Projects/Teledermatology/Backend
17 error Linux 4.4.0-18362-Microsoft
18 error argv "/usr/bin/node" "/usr/bin/npm" "start"
19 error node v8.10.0
20 error npm  v3.5.2
21 error code ELIFECYCLE
22 error teledermatology-backend@1.0.0 start: `node ./dist/server.js`
22 error Exit status 1
23 error Failed at the teledermatology-backend@1.0.0 start script 'node ./dist/server.js'.
23 error Make sure you have the latest version of node.js and npm installed.
23 error If you do, this is most likely a problem with the teledermatology-backend package,
23 error not with npm itself.
23 error Tell the author that this fails on your system:
23 error     node ./dist/server.js
23 error You can get information on how to open an issue for this project with:
23 error     npm bugs teledermatology-backend
23 error Or if that isn't available, you can get their info via:
23 error     npm owner ls teledermatology-backend
23 error There is likely additional logging output above.
24 verbose exit [ 1, true ]
